{
  "fqdns": "",
  "id": "/subscriptions/76dc9a84-0e23-4312-a840-ef0adfe11282/resourceGroups/SLESSAP12/providers/Microsoft.Compute/virtualMachines/cloudinit02",
  "location": "westus",
  "macAddress": "00-0D-3A-59-37-7F",
  "powerState": "VM running",
  "privateIpAddress": "10.0.0.7",
  "publicIpAddress": "168.62.220.7",
  "resourceGroup": "SLESSAP12",
  "zones": ""
}
{
  "fqdns": "",
  "id": "/subscriptions/76dc9a84-0e23-4312-a840-ef0adfe11282/resourceGroups/SLESSAP12/providers/Microsoft.Compute/virtualMachines/cloudinit03",
  "location": "westus",
  "macAddress": "00-0D-3A-37-DF-80",
  "powerState": "VM running",
  "privateIpAddress": "10.0.0.8",
  "publicIpAddress": "104.42.216.40",
  "resourceGroup": "SLESSAP12",
  "zones": ""
}
