docker0   Link encap:Ethernet  HWaddr 02:42:8f:57:19:f2  
          inet addr:172.17.0.1  Bcast:0.0.0.0  Mask:255.255.0.0
          UP BROADCAST RUNNING MULTICAST  MTU:1500  Metric:1
          RX packets:106125 errors:0 dropped:0 overruns:0 frame:0
          TX packets:76036 errors:0 dropped:0 overruns:0 carrier:0
          collisions:0 txqueuelen:0 
          RX bytes:93044794 (93.0 MB)  TX bytes:99891963 (99.8 MB)

eth0      Link encap:Ethernet  HWaddr 00:0d:3a:f9:49:ec  
          inet addr:172.16.37.4  Bcast:172.16.37.255  Mask:255.255.255.0
          UP BROADCAST RUNNING MULTICAST  MTU:1500  Metric:1
          RX packets:18600220 errors:0 dropped:0 overruns:0 frame:0
          TX packets:15610414 errors:0 dropped:0 overruns:0 carrier:0
          collisions:0 txqueuelen:1000 
          RX bytes:14458109466 (14.4 GB)  TX bytes:5311412009 (5.3 GB)

lo        Link encap:Local Loopback  
          inet addr:127.0.0.1  Mask:255.0.0.0
          UP LOOPBACK RUNNING  MTU:65536  Metric:1
          RX packets:164 errors:0 dropped:0 overruns:0 frame:0
          TX packets:164 errors:0 dropped:0 overruns:0 carrier:0
          collisions:0 txqueuelen:1000 
          RX bytes:12128 (12.1 KB)  TX bytes:12128 (12.1 KB)

veth0eec38a Link encap:Ethernet  HWaddr aa:5e:f3:f8:d6:8d  
          UP BROADCAST RUNNING MULTICAST  MTU:1500  Metric:1
          RX packets:87542 errors:0 dropped:0 overruns:0 frame:0
          TX packets:67658 errors:0 dropped:0 overruns:0 carrier:0
          collisions:0 txqueuelen:0 
          RX bytes:84375268 (84.3 MB)  TX bytes:44958244 (44.9 MB)

veth14c3823 Link encap:Ethernet  HWaddr c2:21:74:c2:6b:03  
          UP BROADCAST RUNNING MULTICAST  MTU:1500  Metric:1
          RX packets:327 errors:0 dropped:0 overruns:0 frame:0
          TX packets:2933 errors:0 dropped:0 overruns:0 carrier:0
          collisions:0 txqueuelen:0 
          RX bytes:22986 (22.9 KB)  TX bytes:205906 (205.9 KB)

veth1a28f5b Link encap:Ethernet  HWaddr 46:74:4f:2c:f0:2b  
          UP BROADCAST RUNNING MULTICAST  MTU:1500  Metric:1
          RX packets:328 errors:0 dropped:0 overruns:0 frame:0
          TX packets:2941 errors:0 dropped:0 overruns:0 carrier:0
          collisions:0 txqueuelen:0 
          RX bytes:23056 (23.0 KB)  TX bytes:206618 (206.6 KB)

veth34eb554 Link encap:Ethernet  HWaddr a6:cf:58:93:0c:17  
          UP BROADCAST RUNNING MULTICAST  MTU:1500  Metric:1
          RX packets:324 errors:0 dropped:0 overruns:0 frame:0
          TX packets:2935 errors:0 dropped:0 overruns:0 carrier:0
          collisions:0 txqueuelen:0 
          RX bytes:22776 (22.7 KB)  TX bytes:206026 (206.0 KB)

veth66ef57d Link encap:Ethernet  HWaddr 3a:7b:52:1e:e6:61  
          UP BROADCAST RUNNING MULTICAST  MTU:1500  Metric:1
          RX packets:297 errors:0 dropped:0 overruns:0 frame:0
          TX packets:2558 errors:0 dropped:0 overruns:0 carrier:0
          collisions:0 txqueuelen:0 
          RX bytes:20886 (20.8 KB)  TX bytes:179016 (179.0 KB)

veth8723dfa Link encap:Ethernet  HWaddr 16:98:a3:6c:84:2c  
          UP BROADCAST RUNNING MULTICAST  MTU:1500  Metric:1
          RX packets:326 errors:0 dropped:0 overruns:0 frame:0
          TX packets:2949 errors:0 dropped:0 overruns:0 carrier:0
          collisions:0 txqueuelen:0 
          RX bytes:22916 (22.9 KB)  TX bytes:207290 (207.2 KB)

vetha2be5f9 Link encap:Ethernet  HWaddr fe:ff:c0:25:ec:84  
          UP BROADCAST RUNNING MULTICAST  MTU:1500  Metric:1
          RX packets:15952 errors:0 dropped:0 overruns:0 frame:0
          TX packets:14251 errors:0 dropped:0 overruns:0 carrier:0
          collisions:0 txqueuelen:0 
          RX bytes:9970466 (9.9 MB)  TX bytes:55346509 (55.3 MB)

vethc244d05 Link encap:Ethernet  HWaddr 5a:8f:26:02:7c:68  
          UP BROADCAST RUNNING MULTICAST  MTU:1500  Metric:1
          RX packets:324 errors:0 dropped:0 overruns:0 frame:0
          TX packets:2929 errors:0 dropped:0 overruns:0 carrier:0
          collisions:0 txqueuelen:0 
          RX bytes:22776 (22.7 KB)  TX bytes:205510 (205.5 KB)

vethc6895f5 Link encap:Ethernet  HWaddr 7e:5e:17:df:89:98  
          UP BROADCAST RUNNING MULTICAST  MTU:1500  Metric:1
          RX packets:336 errors:0 dropped:0 overruns:0 frame:0
          TX packets:2936 errors:0 dropped:0 overruns:0 carrier:0
          collisions:0 txqueuelen:0 
          RX bytes:23392 (23.3 KB)  TX bytes:205876 (205.8 KB)

vethffed4e7 Link encap:Ethernet  HWaddr 26:aa:31:85:c9:6c  
          UP BROADCAST RUNNING MULTICAST  MTU:1500  Metric:1
          RX packets:327 errors:0 dropped:0 overruns:0 frame:0
          TX packets:2947 errors:0 dropped:0 overruns:0 carrier:0
          collisions:0 txqueuelen:0 
          RX bytes:22986 (22.9 KB)  TX bytes:207130 (207.1 KB)

              total        used        free      shared  buff/cache   available
Mem:           3817         422        1780          41        1614        2996
Swap:             0           0           0
top - 02:14:09 up 13 days,  4:26,  2 users,  load average: 0.02, 0.01, 0.00
Tasks: 185 total,   1 running, 130 sleeping,   0 stopped,   0 zombie
%Cpu(s):  0.3 us,  0.2 sy,  0.0 ni, 99.4 id,  0.0 wa,  0.0 hi,  0.0 si,  0.0 st
KiB Mem :  3909464 total,  1822408 free,   433504 used,  1653552 buff/cache
KiB Swap:        0 total,        0 free,        0 used.  3067684 avail Mem 

  PID USER      PR  NI    VIRT    RES    SHR S  %CPU %MEM     TIME+ COMMAND
 1289 unscd     20   0   14964   1632   1476 S   6.7  0.0   3:36.87 nscd
 2312 syslog    20   0  481576   3992   2708 S   6.7  0.1   1:20.99 rsyslogd
26846 root      20   0   92680   6536   5628 S   6.7  0.2   0:00.01 sshd
    1 root      20   0   37952   6012   4024 S   0.0  0.2   0:25.65 systemd
    2 root      20   0       0      0      0 S   0.0  0.0   0:00.10 kthreadd
    4 root       0 -20       0      0      0 I   0.0  0.0   0:00.00 kworker/0:0H
    6 root       0 -20       0      0      0 I   0.0  0.0   0:00.00 mm_percpu_wq
    7 root      20   0       0      0      0 S   0.0  0.0   0:02.91 ksoftirqd/0
    8 root      20   0       0      0      0 I   0.0  0.0   2:21.41 rcu_sched
    9 root      20   0       0      0      0 I   0.0  0.0   0:00.00 rcu_bh
   10 root      rt   0       0      0      0 S   0.0  0.0   0:00.28 migration/0
   11 root      rt   0       0      0      0 S   0.0  0.0   0:01.93 watchdog/0
   12 root      20   0       0      0      0 S   0.0  0.0   0:00.00 cpuhp/0
   13 root      20   0       0      0      0 S   0.0  0.0   0:00.00 cpuhp/1
   14 root      rt   0       0      0      0 S   0.0  0.0   0:01.78 watchdog/1
   15 root      rt   0       0      0      0 S   0.0  0.0   0:00.30 migration/1
   16 root      20   0       0      0      0 S   0.0  0.0   0:03.54 ksoftirqd/1
   18 root       0 -20       0      0      0 I   0.0  0.0   0:00.00 kworker/1:0H
   19 root      20   0       0      0      0 S   0.0  0.0   0:00.00 kdevtmpfs
   20 root       0 -20       0      0      0 I   0.0  0.0   0:00.00 netns
   21 root      20   0       0      0      0 S   0.0  0.0   0:00.00 rcu_tasks_kthre
   22 root      20   0       0      0      0 S   0.0  0.0   0:00.05 kauditd
   25 root      20   0       0      0      0 S   0.0  0.0   0:00.63 khungtaskd
   26 root      20   0       0      0      0 S   0.0  0.0   0:00.00 oom_reaper
   27 root       0 -20       0      0      0 I   0.0  0.0   0:00.00 writeback
   28 root      20   0       0      0      0 S   0.0  0.0   0:00.00 kcompactd0
   29 root      25   5       0      0      0 S   0.0  0.0   0:00.00 ksmd
   30 root      39  19       0      0      0 S   0.0  0.0   0:03.02 khugepaged
   31 root       0 -20       0      0      0 I   0.0  0.0   0:00.00 crypto
   32 root       0 -20       0      0      0 I   0.0  0.0   0:00.00 kintegrityd
   33 root       0 -20       0      0      0 I   0.0  0.0   0:00.00 kblockd
   34 root       0 -20       0      0      0 I   0.0  0.0   0:00.00 ata_sff
   35 root       0 -20       0      0      0 I   0.0  0.0   0:00.00 md
   36 root       0 -20       0      0      0 I   0.0  0.0   0:00.00 edac-poller
   37 root       0 -20       0      0      0 I   0.0  0.0   0:00.00 ib-comp-wq
   38 root       0 -20       0      0      0 I   0.0  0.0   0:00.00 ib_mcast
   39 root       0 -20       0      0      0 I   0.0  0.0   0:00.00 ib_nl_sa_wq
   40 root       0 -20       0      0      0 I   0.0  0.0   0:00.00 hv_vmbus_con
   41 root       0 -20       0      0      0 I   0.0  0.0   0:00.00 devfreq_wq
   42 root       0 -20       0      0      0 I   0.0  0.0   0:00.00 watchdogd
   45 root      20   0       0      0      0 S   0.0  0.0   0:00.00 kswapd0
   46 root      20   0       0      0      0 S   0.0  0.0   0:00.00 ecryptfs-kthrea
   88 root       0 -20       0      0      0 I   0.0  0.0   0:00.00 kthrotld
   89 root       0 -20       0      0      0 I   0.0  0.0   0:00.00 nfit
   90 root      20   0       0      0      0 S   0.0  0.0   0:00.00 scsi_eh_0
   91 root       0 -20       0      0      0 I   0.0  0.0   0:00.00 scsi_tmf_0
   92 root       0 -20       0      0      0 I   0.0  0.0   0:00.00 storvsc_error_w
   94 root      20   0       0      0      0 S   0.0  0.0   0:00.00 scsi_eh_1
   95 root       0 -20       0      0      0 I   0.0  0.0   0:00.00 scsi_tmf_1
   96 root       0 -20       0      0      0 I   0.0  0.0   0:00.00 storvsc_error_w
   97 root      20   0       0      0      0 S   0.0  0.0   0:00.00 scsi_eh_2
   98 root       0 -20       0      0      0 I   0.0  0.0   0:00.00 scsi_tmf_2
   99 root       0 -20       0      0      0 I   0.0  0.0   0:00.00 storvsc_error_w
  100 root      20   0       0      0      0 S   0.0  0.0   0:00.00 scsi_eh_3
  101 root       0 -20       0      0      0 I   0.0  0.0   0:00.00 scsi_tmf_3
  102 root       0 -20       0      0      0 I   0.0  0.0   0:00.00 storvsc_error_w
  107 root       0 -20       0      0      0 I   0.0  0.0   0:01.68 kworker/1:1H
  109 root       0 -20       0      0      0 I   0.0  0.0   0:00.00 nvme-wq
  110 root      20   0       0      0      0 S   0.0  0.0   0:00.00 scsi_eh_4
  111 root       0 -20       0      0      0 I   0.0  0.0   0:00.00 scsi_tmf_4
  112 root      20   0       0      0      0 S   0.0  0.0   0:00.00 scsi_eh_5
  113 root       0 -20       0      0      0 I   0.0  0.0   0:00.00 scsi_tmf_5
  114 root       0 -20       0      0      0 I   0.0  0.0   0:00.00 mlx4
  115 root       0 -20       0      0      0 I   0.0  0.0   0:00.00 rdma_cm
  116 root       0 -20       0      0      0 I   0.0  0.0   0:00.00 mlx4_ib
  117 root       0 -20       0      0      0 I   0.0  0.0   0:00.00 mlx4_ib_mcg
  118 root       0 -20       0      0      0 I   0.0  0.0   0:00.00 ipoib_flush
  122 root       0 -20       0      0      0 I   0.0  0.0   0:00.00 ipv6_addrconf
  132 root       0 -20       0      0      0 I   0.0  0.0   0:00.00 kstrp
  314 root       0 -20       0      0      0 I   0.0  0.0   0:00.00 raid5wq
  367 root      20   0       0      0      0 S   0.0  0.0   0:06.56 jbd2/sda1-8
  368 root       0 -20       0      0      0 I   0.0  0.0   0:00.00 ext4-rsv-conver
  370 root       0 -20       0      0      0 I   0.0  0.0   0:02.56 kworker/0:1H
  432 root      20   0   32072   3856   3524 S   0.0  0.1   2:39.15 systemd-journal
  446 root       0 -20       0      0      0 I   0.0  0.0   0:00.00 iscsi_eh
  463 root      20   0  102968   1524   1340 S   0.0  0.0   0:00.00 lvmetad
  492 root      20   0   42904   4324   3052 S   0.0  0.1   0:02.28 systemd-udevd
  559 systemd+  20   0  100324   2592   2388 S   0.0  0.1   0:00.98 systemd-timesyn
  563 root      20   0       0      0      0 S   0.0  0.0   0:24.40 hv_balloon
 1013 root      20   0   16120    860      0 S   0.0  0.0   0:00.00 dhclient
 1260 root      20   0    4396   1232   1144 S   0.0  0.0   0:00.00 acpid
 1262 daemon    20   0   26044   2248   2052 S   0.0  0.1   0:00.01 atd
 1267 root      20   0  384224   3100   1384 S   0.0  0.1   0:12.38 lxcfs
 1268 root      20   0  563900  51756  31996 S   0.0  1.3  22:57.95 dockerd
 1270 root      20   0   27728   2960   2680 S   0.0  0.1   0:01.83 cron
 1275 root      20   0   20096   2792   2524 S   0.0  0.1   0:00.92 systemd-logind
 1281 root      20   0  274588   6236   5476 S   0.0  0.2   0:54.10 accounts-daemon
 1295 root      20   0  223140  22300  14364 S   0.0  0.6   0:24.49 snapd
 1297 root      20   0   69752  20092   8232 S   0.0  0.5   0:00.59 python3
 1298 root      20   0  125740  17604   7344 S   0.0  0.5   2:34.05 python2
 1299 message+  20   0   43000   4032   3488 S   0.0  0.1   0:00.47 dbus-daemon
 1415 root      20   0       0      0      0 S   0.0  0.0   0:00.00 jbd2/sdb1-8
 1420 root       0 -20       0      0      0 I   0.0  0.0   0:00.00 ext4-rsv-conver
 1518 root      20   0    5220    152     36 S   0.0  0.0   0:18.24 iscsid
 1519 root      10 -10    5720   3528   2440 S   0.0  0.1   1:39.46 iscsid
 1566 root      20   0  268640   7796   5148 S   0.0  0.2   0:00.05 polkitd
 1628 root      20   0    4924    112     20 S   0.0  0.0   0:00.07 mdadm
 1646 uuidd     20   0   26876   1356   1164 S   0.0  0.0   0:00.00 uuidd
 1732 root      20   0   20360   2460   2064 S   0.0  0.1   3:24.80 omiserver
 1840 root      20   0  208680   3824   3100 S   0.0  0.1   0:03.74 containerd-shim
 1858 root      20   0    6468   2036   1576 S   0.0  0.1   0:00.22 bash
 1921 root      20   0    6024    684    616 S   0.0  0.0   0:00.07 agetty
 1924 root      20   0    6208    708    640 S   0.0  0.0   0:00.00 agetty
 1936 root      20   0   19472    216      0 S   0.0  0.0   0:22.26 irqbalance
 1948 root      20   0  243088  42956   9100 S   0.0  1.1 107:59.90 python3
 2025 root      20   0  704460  17376   9136 S   0.0  0.4  15:46.32 containerd
 2414 root      20   0 1412408  71216  15048 S   0.0  1.8  19:17.16 mdsd
 3281 root      20   0  199428   6124   3300 S   0.0  0.2   0:00.79 containerd-shim
 3297 root      20   0  207624   5636   3136 S   0.0  0.1   0:00.78 containerd-shim
 3317 root      20   0   20252   2960   2672 S   0.0  0.1   0:00.03 bash
 3330 root      20   0    1580    940    820 S   0.0  0.0   0:00.02 sh
 3380 root      20   0   43364   3520   2972 S   0.0  0.1   0:00.77 docker-proxy
 3401 root      20   0    6344   1452   1268 S   0.0  0.0   0:00.00 bash
 3420 root      20   0  304232   9136   8200 S   0.0  0.2  12:45.53 omiagent
 3428 root      20   0  273160   5652   3144 S   0.0  0.1   0:00.79 containerd-shim
 3445 root      20   0   18168   2984   2688 S   0.0  0.1   0:00.03 bash
 3468 root      20   0  133892   3580   3116 S   0.0  0.1   0:00.74 containerd-shim
 3487 root      20   0    1580      4      0 S   0.0  0.0   0:00.02 sh
 3505 root      20   0  133892   3932   3276 S   0.0  0.1   0:00.71 containerd-shim
 3529 root      20   0    1580      4      0 S   0.0  0.0   0:00.03 sh
 3587 root      20   0    6460   1688   1472 S   0.0  0.0   0:00.00 bash
 3594 root      20   0  207624   3900   3180 S   0.0  0.1   0:00.79 containerd-shim
 3612 root      20   0    1580      4      0 S   0.0  0.0   0:00.02 sh
 3641 root      20   0  133892   3840   3180 S   0.0  0.1   0:00.75 containerd-shim
 3662 root      20   0    1580      4      0 S   0.0  0.0   0:00.03 sh
 3684 root      20   0    6348   1660   1444 S   0.0  0.0   0:00.00 bash
 3708 root      20   0  207624   5960   3232 S   0.0  0.2   0:00.78 containerd-shim
 3725 root      20   0  416248  30316  22268 S   0.0  0.8   0:31.60 apache2
 3752 root      20   0    6368   1988   1648 S   0.0  0.1   0:00.00 bash
 3780 root      20   0  199428   5972   3268 S   0.0  0.2   0:00.79 containerd-shim
 3798 root      20   0    1580      4      0 S   0.0  0.0   0:00.02 sh
 3833 root      20   0    6376   1708   1496 S   0.0  0.0   0:00.00 bash
 3900 root      20   0    6360   1644   1424 S   0.0  0.0   0:00.00 bash
 4010 www-data  20   0  416272  10020   1960 S   0.0  0.3   0:00.00 apache2
 4011 www-data  20   0  416272  10020   1960 S   0.0  0.3   0:00.00 apache2
 4012 www-data  20   0  416272  10020   1960 S   0.0  0.3   0:00.00 apache2
 4016 www-data  20   0  416272  10020   1960 S   0.0  0.3   0:00.00 apache2
 4017 www-data  20   0  416272  10020   1960 S   0.0  0.3   0:00.00 apache2
 6265 root      20   0   59212   5952   5268 S   0.0  0.2   0:07.15 sshd
 6726 root      20   0       0      0      0 I   0.0  0.0   0:00.12 kworker/1:0
 9475 root      20   0  207624   3344   2868 S   0.0  0.1   0:02.03 containerd-shim
 9492 root      20   0    6472   2020   1556 S   0.0  0.1   0:00.12 bash
12624 root      20   0   92832   6808   5884 S   0.0  0.2   0:00.01 sshd
12629 mries     20   0   36832   4440   3656 S   0.0  0.1   0:00.01 systemd
12631 mries     20   0   61404   2100      0 S   0.0  0.1   0:00.00 (sd-pam)
12726 mries     20   0   92832   4460   3512 S   0.0  0.1   0:00.59 sshd
12734 mries     20   0   12940   4888   2992 S   0.0  0.1   0:00.04 bash
12775 root      20   0   51420   3740   3328 S   0.0  0.1   0:00.00 sudo
12776 root      20   0   51004   3172   2784 S   0.0  0.1   0:00.00 su
12777 root      20   0   11616   3540   2940 S   0.0  0.1   0:00.09 bash
13037 root      20   0       0      0      0 I   0.0  0.0   0:00.00 kworker/1:2
13038 root      20   0       0      0      0 I   0.0  0.0   0:00.14 kworker/0:2
17392 root      20   0  199428   5884   3144 S   0.0  0.2   0:05.53 containerd-shim
17407 root      20   0    6372   1940   1576 S   0.0  0.0   0:00.11 bash
18270 root      20   0  143144   5832   3056 S   0.0  0.1   0:01.44 containerd-shim
18285 root      20   0    6364   1888   1536 S   0.0  0.0   0:00.09 bash
21168 root      20   0  207624   5444   2920 S   0.0  0.1   0:00.74 containerd-shim
21184 root      20   0   18144   3028   2588 S   0.0  0.1   0:00.02 sh
21307 root      20   0    5008    664    600 S   0.0  0.0   0:08.71 hv_kvp_daemon
21314 root      20   0    4356    680    616 S   0.0  0.0   0:00.00 hv_vss_daemon
21370 root      20   0       0      0      0 I   0.0  0.0   0:00.27 kworker/u4:0
21438 root      20   0  207624   3960   3300 S   0.0  0.1   0:06.01 containerd-shim
21453 root      20   0    6464   1948   1488 S   0.0  0.0   0:00.04 bash
22384 root      20   0  142088   3932   3244 S   0.0  0.1   0:00.74 containerd-shim
22400 root      20   0    6356   1656   1440 S   0.0  0.0   0:00.02 bash
22479 root      20   0       0      0      0 I   0.0  0.0   0:00.00 kworker/0:3
23087 root      20   0   92832   6568   5644 S   0.0  0.2   0:00.02 sshd
23139 mries     20   0   92832   3384   2460 S   0.0  0.1   0:00.00 sshd
23147 mries     20   0   12940   4840   2940 S   0.0  0.1   0:00.04 bash
23329 root      20   0   51420   3860   3444 S   0.0  0.1   0:00.00 sudo
23342 root      20   0   51004   3328   2940 S   0.0  0.1   0:00.00 su
23343 root      20   0   11616   3540   2940 S   0.0  0.1   0:00.00 bash
25280 root      20   0       0      0      0 I   0.0  0.0   0:00.13 kworker/u4:1
26122 root      20   0       0      0      0 I   0.0  0.0   0:00.06 kworker/u4:2
26775 root      20   0  142088   3956   3252 S   0.0  0.1   0:01.77 containerd-shim
26791 root      20   0    6468   1968   1508 S   0.0  0.1   0:00.12 bash
26847 sshd      20   0   61332   3256   2560 S   0.0  0.1   0:00.00 sshd
26852 root      20   0   11272   3048   2812 S   0.0  0.1   0:00.00 cpuPerformance.
26882 root      20   0   23472   3556   3260 S   0.0  0.1   0:00.00 awk
26887 root      20   0    4504    704    632 S   0.0  0.0   0:00.00 sh
26888 root      20   0   32084   3376   2832 R   0.0  0.1   0:00.00 top
27525 root       0 -20       0      0      0 I   0.0  0.0   0:00.00 xfsalloc
27526 root       0 -20       0      0      0 I   0.0  0.0   0:00.00 xfs_mru_cache
32330 root      20   0  273160   5596   3104 S   0.0  0.1   0:00.79 containerd-shim
32346 root      20   0    6468   2056   1596 S   0.0  0.1   0:00.05 bash
